<?xml version="1.0" encoding="UTF-8"?>
<testng-results ignored="0" total="2" passed="2" failed="0" skipped="0">
  <reporter-output>
  </reporter-output>
  <suite started-at="2022-01-28T10:17:49 IST" name="Default suite" finished-at="2022-01-28T10:18:08 IST" duration-ms="19348">
    <groups>
    </groups>
    <test started-at="2022-01-28T10:17:49 IST" name="Default test" finished-at="2022-01-28T10:18:08 IST" duration-ms="19348">
      <class name="demo23.dependsonmethods">
        <test-method is-config="true" signature="openbrowser()[pri:0, instance:demo23.dependsonmethods@6b81ce95]" started-at="2022-01-28T10:17:45 IST" name="openbrowser" finished-at="2022-01-28T10:17:49 IST" duration-ms="4369" status="PASS">
          <reporter-output>
          </reporter-output>
        </test-method> <!-- openbrowser -->
        <test-method is-config="true" signature="openurl()[pri:0, instance:demo23.dependsonmethods@6b81ce95]" started-at="2022-01-28T10:17:49 IST" name="openurl" finished-at="2022-01-28T10:17:52 IST" duration-ms="3156" status="PASS">
          <reporter-output>
          </reporter-output>
        </test-method> <!-- openurl -->
        <test-method is-config="true" signature="windowmaximize()[pri:0, instance:demo23.dependsonmethods@6b81ce95]" started-at="2022-01-28T10:17:52 IST" name="windowmaximize" finished-at="2022-01-28T10:17:54 IST" duration-ms="2162" status="PASS">
          <reporter-output>
          </reporter-output>
        </test-method> <!-- windowmaximize -->
        <test-method is-config="true" signature="deletecookies()[pri:0, instance:demo23.dependsonmethods@6b81ce95]" started-at="2022-01-28T10:17:54 IST" name="deletecookies" finished-at="2022-01-28T10:17:54 IST" duration-ms="60" status="PASS">
          <reporter-output>
          </reporter-output>
        </test-method> <!-- deletecookies -->
        <test-method signature="logintest()[pri:0, instance:demo23.dependsonmethods@6b81ce95]" started-at="2022-01-28T10:17:54 IST" name="logintest" finished-at="2022-01-28T10:17:59 IST" duration-ms="4801" status="PASS">
          <reporter-output>
          </reporter-output>
        </test-method> <!-- logintest -->
        <test-method is-config="true" signature="screenshot()[pri:0, instance:demo23.dependsonmethods@6b81ce95]" started-at="2022-01-28T10:17:59 IST" name="screenshot" finished-at="2022-01-28T10:18:00 IST" duration-ms="1066" status="PASS">
          <reporter-output>
          </reporter-output>
        </test-method> <!-- screenshot -->
        <test-method is-config="true" signature="deletecookies()[pri:0, instance:demo23.dependsonmethods@6b81ce95]" started-at="2022-01-28T10:18:00 IST" name="deletecookies" finished-at="2022-01-28T10:18:00 IST" duration-ms="25" status="PASS">
          <reporter-output>
          </reporter-output>
        </test-method> <!-- deletecookies -->
        <test-method signature="logouttest()[pri:0, instance:demo23.dependsonmethods@6b81ce95]" started-at="2022-01-28T10:18:00 IST" name="logouttest" finished-at="2022-01-28T10:18:07 IST" depends-on-methods="demo23.dependsonmethods.logintest" duration-ms="6432" status="PASS">
          <reporter-output>
          </reporter-output>
        </test-method> <!-- logouttest -->
        <test-method is-config="true" signature="screenshot()[pri:0, instance:demo23.dependsonmethods@6b81ce95]" started-at="2022-01-28T10:18:07 IST" name="screenshot" finished-at="2022-01-28T10:18:08 IST" duration-ms="971" status="PASS">
          <reporter-output>
          </reporter-output>
        </test-method> <!-- screenshot -->
        <test-method is-config="true" signature="deleteallcookies()[pri:0, instance:demo23.dependsonmethods@6b81ce95]" started-at="2022-01-28T10:18:08 IST" name="deleteallcookies" finished-at="2022-01-28T10:18:08 IST" duration-ms="15" status="PASS">
          <reporter-output>
          </reporter-output>
        </test-method> <!-- deleteallcookies -->
        <test-method is-config="true" signature="closedbconnection()[pri:0, instance:demo23.dependsonmethods@6b81ce95]" started-at="2022-01-28T10:18:08 IST" name="closedbconnection" finished-at="2022-01-28T10:18:08 IST" duration-ms="604" status="PASS">
          <reporter-output>
          </reporter-output>
        </test-method> <!-- closedbconnection -->
        <test-method is-config="true" signature="closebrowser()[pri:0, instance:demo23.dependsonmethods@6b81ce95]" started-at="2022-01-28T10:18:08 IST" name="closebrowser" finished-at="2022-01-28T10:18:09 IST" duration-ms="259" status="PASS">
          <reporter-output>
          </reporter-output>
        </test-method> <!-- closebrowser -->
      </class> <!-- demo23.dependsonmethods -->
    </test> <!-- Default test -->
  </suite> <!-- Default suite -->
</testng-results>
