<?xml version="1.0" encoding="UTF-8"?>
<testng-results ignored="0" total="2" passed="2" failed="0" skipped="0">
  <reporter-output>
  </reporter-output>
  <suite started-at="2022-01-27T20:51:22 IST" name="Default suite" finished-at="2022-01-27T20:51:38 IST" duration-ms="16184">
    <groups>
    </groups>
    <test started-at="2022-01-27T20:51:22 IST" name="Default test" finished-at="2022-01-27T20:51:38 IST" duration-ms="16184">
      <class name="demo23.dependsonmethods">
        <test-method is-config="true" signature="openbrowser()[pri:0, instance:demo23.dependsonmethods@359f7cdf]" started-at="2022-01-27T20:51:19 IST" name="openbrowser" finished-at="2022-01-27T20:51:22 IST" duration-ms="2343" status="PASS">
          <reporter-output>
          </reporter-output>
        </test-method> <!-- openbrowser -->
        <test-method is-config="true" signature="openurl()[pri:0, instance:demo23.dependsonmethods@359f7cdf]" started-at="2022-01-27T20:51:22 IST" name="openurl" finished-at="2022-01-27T20:51:24 IST" duration-ms="2276" status="PASS">
          <reporter-output>
          </reporter-output>
        </test-method> <!-- openurl -->
        <test-method is-config="true" signature="windowmaximize()[pri:0, instance:demo23.dependsonmethods@359f7cdf]" started-at="2022-01-27T20:51:24 IST" name="windowmaximize" finished-at="2022-01-27T20:51:26 IST" duration-ms="2149" status="PASS">
          <reporter-output>
          </reporter-output>
        </test-method> <!-- windowmaximize -->
        <test-method is-config="true" signature="deletecookies()[pri:0, instance:demo23.dependsonmethods@359f7cdf]" started-at="2022-01-27T20:51:26 IST" name="deletecookies" finished-at="2022-01-27T20:51:26 IST" duration-ms="37" status="PASS">
          <reporter-output>
          </reporter-output>
        </test-method> <!-- deletecookies -->
        <test-method signature="logintest()[pri:0, instance:demo23.dependsonmethods@359f7cdf]" started-at="2022-01-27T20:51:26 IST" name="logintest" finished-at="2022-01-27T20:51:31 IST" duration-ms="4481" status="PASS">
          <reporter-output>
          </reporter-output>
        </test-method> <!-- logintest -->
        <test-method is-config="true" signature="screenshot()[pri:0, instance:demo23.dependsonmethods@359f7cdf]" started-at="2022-01-27T20:51:31 IST" name="screenshot" finished-at="2022-01-27T20:51:31 IST" duration-ms="660" status="PASS">
          <reporter-output>
          </reporter-output>
        </test-method> <!-- screenshot -->
        <test-method is-config="true" signature="deletecookies()[pri:0, instance:demo23.dependsonmethods@359f7cdf]" started-at="2022-01-27T20:51:31 IST" name="deletecookies" finished-at="2022-01-27T20:51:31 IST" duration-ms="18" status="PASS">
          <reporter-output>
          </reporter-output>
        </test-method> <!-- deletecookies -->
        <test-method signature="logouttest()[pri:0, instance:demo23.dependsonmethods@359f7cdf]" started-at="2022-01-27T20:51:31 IST" name="logouttest" finished-at="2022-01-27T20:51:37 IST" depends-on-methods="demo23.dependsonmethods.logintest" duration-ms="5901" status="PASS">
          <reporter-output>
          </reporter-output>
        </test-method> <!-- logouttest -->
        <test-method is-config="true" signature="screenshot()[pri:0, instance:demo23.dependsonmethods@359f7cdf]" started-at="2022-01-27T20:51:37 IST" name="screenshot" finished-at="2022-01-27T20:51:38 IST" duration-ms="634" status="PASS">
          <reporter-output>
          </reporter-output>
        </test-method> <!-- screenshot -->
        <test-method is-config="true" signature="deleteallcookies()[pri:0, instance:demo23.dependsonmethods@359f7cdf]" started-at="2022-01-27T20:51:38 IST" name="deleteallcookies" finished-at="2022-01-27T20:51:38 IST" duration-ms="0" status="PASS">
          <reporter-output>
          </reporter-output>
        </test-method> <!-- deleteallcookies -->
        <test-method is-config="true" signature="closedbconnection()[pri:0, instance:demo23.dependsonmethods@359f7cdf]" started-at="2022-01-27T20:51:38 IST" name="closedbconnection" finished-at="2022-01-27T20:51:38 IST" duration-ms="0" status="PASS">
          <reporter-output>
          </reporter-output>
        </test-method> <!-- closedbconnection -->
        <test-method is-config="true" signature="closebrowser()[pri:0, instance:demo23.dependsonmethods@359f7cdf]" started-at="2022-01-27T20:51:38 IST" name="closebrowser" finished-at="2022-01-27T20:51:38 IST" duration-ms="191" status="PASS">
          <reporter-output>
          </reporter-output>
        </test-method> <!-- closebrowser -->
      </class> <!-- demo23.dependsonmethods -->
    </test> <!-- Default test -->
  </suite> <!-- Default suite -->
</testng-results>
